-------------------------------------------------------------------------------
Test set: com.wfz.shop.dubbo.service.TestES
-------------------------------------------------------------------------------
Tests run: 1, Failures: 1, Errors: 0, Skipped: 0, Time elapsed: 0.003 s <<< FAILURE! - in com.wfz.shop.dubbo.service.TestES
com.wfz.shop.dubbo.service.TestES.testImportGoods()  Time elapsed: 0.002 s  <<< FAILURE!
java.lang.NullPointerException
	at com.wfz.shop.dubbo.service.TestES.testImportGoods(TestES.java:16)

