<?xml version="1.0" encoding="UTF-8"?>
<testsuite xmlns:xsi="http://www.w3.org/2001/XMLSchema-instance" xsi:noNamespaceSchemaLocation="https://maven.apache.org/surefire/maven-surefire-plugin/xsd/surefire-test-report.xsd" name="com.wfz.shop.dubbo.service.TestES" time="0.003" tests="1" errors="0" skipped="0" failures="1">
  <properties>
[...]
</properties>
  <testcase name="com.wfz.shop.dubbo.service.TestES.testImportGoods" classname="com.wfz.shop.dubbo.service.TestES" time="0.002">
    <failure type="java.lang.NullPointerException">java.lang.NullPointerException
	at com.wfz.shop.dubbo.service.TestES.testImportGoods(TestES.java:16)
</failure>
  </testcase>
</testsuite>